Start testing: Aug 13 11:52 CEST
----------------------------------------------------------
Unable to find executable: /home/federico-albano/pf_labs/project/build/Release/progetto.t
1/1 Testing: progetto.t
1/1 Test: progetto.t
Command: ""
Directory: /home/federico-albano/pf_labs/project/build
"progetto.t" start time: 
Output:
----------------------------------------------------------
<end of output>
Test time =   0.00 sec
----------------------------------------------------------
Test Passed.
"progetto.t" end time: Aug 13 11:52 CEST
"progetto.t" time elapsed: 00:00:00
----------------------------------------------------------

End testing: Aug 13 11:52 CEST
