Start testing: Aug 13 13:30 CEST
----------------------------------------------------------
1/1 Testing: progetto.t
1/1 Test: progetto.t
Command: "/home/mattia/pf/progetto_volterra/build/Release/progetto.t"
Directory: /home/mattia/pf/progetto_volterra/build
"progetto.t" start time: Aug 13 13:30 CEST
Output:
----------------------------------------------------------
[doctest] doctest version is "2.4.11"
[doctest] run with "--help" for options
===============================================================================
[doctest] test cases:   1 |   1 passed | 0 failed | 0 skipped
[doctest] assertions: 560 | 560 passed | 0 failed |
[doctest] Status: SUCCESS!
<end of output>
Test time =   0.00 sec
----------------------------------------------------------
Test Passed.
"progetto.t" end time: Aug 13 13:30 CEST
"progetto.t" time elapsed: 00:00:00
----------------------------------------------------------

End testing: Aug 13 13:30 CEST
